Determining if the pthread_create exist failed with the following output:
Change Dir: /home/orest/auctus_ws/dev_ros_ws/build/catkin_tools_prebuild/CMakeFiles/CMakeTmp

Run Build Command:"/usr/bin/make" "cmTC_46ca3/fast"
/usr/bin/make -f CMakeFiles/cmTC_46ca3.dir/build.make CMakeFiles/cmTC_46ca3.dir/build
make[1] : on entre dans le répertoire « /home/orest/auctus_ws/dev_ros_ws/build/catkin_tools_prebuild/CMakeFiles/CMakeTmp »
Building C object CMakeFiles/cmTC_46ca3.dir/CheckSymbolExists.c.o
/usr/bin/cc    -o CMakeFiles/cmTC_46ca3.dir/CheckSymbolExists.c.o   -c /home/orest/auctus_ws/dev_ros_ws/build/catkin_tools_prebuild/CMakeFiles/CMakeTmp/CheckSymbolExists.c
Linking C executable cmTC_46ca3
/usr/bin/cmake -E cmake_link_script CMakeFiles/cmTC_46ca3.dir/link.txt --verbose=1
/usr/bin/cc      -rdynamic CMakeFiles/cmTC_46ca3.dir/CheckSymbolExists.c.o  -o cmTC_46ca3 
CMakeFiles/cmTC_46ca3.dir/CheckSymbolExists.c.o : Dans la fonction « main » :
CheckSymbolExists.c:(.text+0x1b) : référence indéfinie vers « pthread_create »
collect2: error: ld returned 1 exit status
CMakeFiles/cmTC_46ca3.dir/build.make:97: recipe for target 'cmTC_46ca3' failed
make[1]: *** [cmTC_46ca3] Error 1
make[1] : on quitte le répertoire « /home/orest/auctus_ws/dev_ros_ws/build/catkin_tools_prebuild/CMakeFiles/CMakeTmp »
Makefile:126: recipe for target 'cmTC_46ca3/fast' failed
make: *** [cmTC_46ca3/fast] Error 2

File /home/orest/auctus_ws/dev_ros_ws/build/catkin_tools_prebuild/CMakeFiles/CMakeTmp/CheckSymbolExists.c:
/* */
#include <pthread.h>

int main(int argc, char** argv)
{
  (void)argv;
#ifndef pthread_create
  return ((int*)(&pthread_create))[argc];
#else
  (void)argc;
  return 0;
#endif
}

Determining if the function pthread_create exists in the pthreads failed with the following output:
Change Dir: /home/orest/auctus_ws/dev_ros_ws/build/catkin_tools_prebuild/CMakeFiles/CMakeTmp

Run Build Command:"/usr/bin/make" "cmTC_a6834/fast"
/usr/bin/make -f CMakeFiles/cmTC_a6834.dir/build.make CMakeFiles/cmTC_a6834.dir/build
make[1] : on entre dans le répertoire « /home/orest/auctus_ws/dev_ros_ws/build/catkin_tools_prebuild/CMakeFiles/CMakeTmp »
Building C object CMakeFiles/cmTC_a6834.dir/CheckFunctionExists.c.o
/usr/bin/cc   -DCHECK_FUNCTION_EXISTS=pthread_create   -o CMakeFiles/cmTC_a6834.dir/CheckFunctionExists.c.o   -c /usr/share/cmake-3.10/Modules/CheckFunctionExists.c
Linking C executable cmTC_a6834
/usr/bin/cmake -E cmake_link_script CMakeFiles/cmTC_a6834.dir/link.txt --verbose=1
/usr/bin/cc  -DCHECK_FUNCTION_EXISTS=pthread_create    -rdynamic CMakeFiles/cmTC_a6834.dir/CheckFunctionExists.c.o  -o cmTC_a6834 -lpthreads 
/usr/bin/ld : ne peut trouver -lpthreads
collect2: error: ld returned 1 exit status
CMakeFiles/cmTC_a6834.dir/build.make:97: recipe for target 'cmTC_a6834' failed
make[1]: *** [cmTC_a6834] Error 1
make[1] : on quitte le répertoire « /home/orest/auctus_ws/dev_ros_ws/build/catkin_tools_prebuild/CMakeFiles/CMakeTmp »
Makefile:126: recipe for target 'cmTC_a6834/fast' failed
make: *** [cmTC_a6834/fast] Error 2


